0 info it worked if it ends with ok
1 verbose cli [ 'node', '/usr/local/bin/npm', '-g', 'update', 'cordova' ]
2 info using npm@1.4.28
3 info using node@v0.10.35
4 verbose request where is /cordova
5 verbose request registry https://registry.npmjs.org/
6 verbose request id 6e899a3e1816d69f
7 verbose url raw /cordova
8 verbose url resolving [ 'https://registry.npmjs.org/', './cordova' ]
9 verbose url resolved https://registry.npmjs.org/cordova
10 verbose request where is https://registry.npmjs.org/cordova
11 info trying registry request attempt 1 at 11:07:43
12 verbose etag "2792IZQIBIKH00J8E1XJAAL7J"
13 http GET https://registry.npmjs.org/cordova
14 http 200 https://registry.npmjs.org/cordova
15 silly registry.get cb [ 200,
15 silly registry.get   { server: 'CouchDB/1.5.0 (Erlang OTP/R16B03)',
15 silly registry.get     etag: '"75OS5TR6EKECNHZHTB3IR0DVS"',
15 silly registry.get     'content-type': 'application/json',
15 silly registry.get     'cache-control': 'max-age=60',
15 silly registry.get     'content-length': '371637',
15 silly registry.get     'accept-ranges': 'bytes',
15 silly registry.get     date: 'Thu, 03 Dec 2015 17:07:42 GMT',
15 silly registry.get     via: '1.1 varnish',
15 silly registry.get     age: '0',
15 silly registry.get     connection: 'keep-alive',
15 silly registry.get     'x-served-by': 'cache-dfw1835-DFW',
15 silly registry.get     'x-cache': 'HIT',
15 silly registry.get     'x-cache-hits': '1',
15 silly registry.get     'x-timer': 'S1449162462.647761,VS0,VE2',
15 silly registry.get     vary: 'Accept' } ]
16 info outdated updating [ [ '/usr/local/lib', 'cordova', '5.0.0', '5.4.1', '5.4.1', 'latest' ] ]
17 verbose install where,what [ '/usr/local/lib', [ 'cordova@5.4.1' ] ]
18 verbose cache add [ 'cordova@5.4.1', null ]
19 verbose cache add name=undefined spec="cordova@5.4.1" args=["cordova@5.4.1",null]
20 verbose parsed url { protocol: null,
20 verbose parsed url   slashes: null,
20 verbose parsed url   auth: null,
20 verbose parsed url   host: null,
20 verbose parsed url   port: null,
20 verbose parsed url   hostname: null,
20 verbose parsed url   hash: null,
20 verbose parsed url   search: null,
20 verbose parsed url   query: null,
20 verbose parsed url   pathname: 'cordova@5.4.1',
20 verbose parsed url   path: 'cordova@5.4.1',
20 verbose parsed url   href: 'cordova@5.4.1' }
21 verbose cache add name="cordova" spec="5.4.1" args=["cordova","5.4.1"]
22 verbose parsed url { protocol: null,
22 verbose parsed url   slashes: null,
22 verbose parsed url   auth: null,
22 verbose parsed url   host: null,
22 verbose parsed url   port: null,
22 verbose parsed url   hostname: null,
22 verbose parsed url   hash: null,
22 verbose parsed url   search: null,
22 verbose parsed url   query: null,
22 verbose parsed url   pathname: '5.4.1',
22 verbose parsed url   path: '5.4.1',
22 verbose parsed url   href: '5.4.1' }
23 verbose addNamed [ 'cordova', '5.4.1' ]
24 verbose addNamed [ '5.4.1', '5.4.1' ]
25 silly lockFile 109ffe8a-cordova-5-4-1 cordova@5.4.1
26 verbose lock cordova@5.4.1 /Users/johnfalcon/.npm/109ffe8a-cordova-5-4-1.lock
27 verbose registry.get https://registry.npmjs.org/cordova not expired, no request
28 silly lockFile cd0be645-js-org-cordova-cordova-5-4-1-tgz https://registry.npmjs.org/cordova/-/cordova-5.4.1.tgz
29 verbose lock https://registry.npmjs.org/cordova/-/cordova-5.4.1.tgz /Users/johnfalcon/.npm/cd0be645-js-org-cordova-cordova-5-4-1-tgz.lock
30 verbose addRemoteTarball [ 'https://registry.npmjs.org/cordova/-/cordova-5.4.1.tgz',
30 verbose addRemoteTarball   'bc56bc1d3c5387a7926408212dfbce59002f9d76' ]
31 info retry fetch attempt 1 at 11:07:44
32 verbose fetch to= /var/folders/qs/gq8xy3z53kb1ypgm91mflgz80000gn/T/npm-4821-mrZvfdKe/registry.npmjs.org/cordova/-/cordova-5.4.1.tgz
33 http GET https://registry.npmjs.org/cordova/-/cordova-5.4.1.tgz
34 http 200 https://registry.npmjs.org/cordova/-/cordova-5.4.1.tgz
35 silly lockFile cd0be645-js-org-cordova-cordova-5-4-1-tgz https://registry.npmjs.org/cordova/-/cordova-5.4.1.tgz
36 silly lockFile cd0be645-js-org-cordova-cordova-5-4-1-tgz https://registry.npmjs.org/cordova/-/cordova-5.4.1.tgz
37 silly lockFile 109ffe8a-cordova-5-4-1 cordova@5.4.1
38 silly lockFile 109ffe8a-cordova-5-4-1 cordova@5.4.1
39 error Error: EACCES, mkdir '/Users/johnfalcon/.npm/cordova/5.4.1'
39 error  { [Error: EACCES, mkdir '/Users/johnfalcon/.npm/cordova/5.4.1']
39 error   errno: 3,
39 error   code: 'EACCES',
39 error   path: '/Users/johnfalcon/.npm/cordova/5.4.1' }
40 error Please try running this command again as root/Administrator.
41 error System Darwin 14.4.0
42 error command "node" "/usr/local/bin/npm" "-g" "update" "cordova"
43 error cwd /Users/johnfalcon/Sites/Apps/marin
44 error node -v v0.10.35
45 error npm -v 1.4.28
46 error path /Users/johnfalcon/.npm/cordova/5.4.1
47 error code EACCES
48 error errno 3
49 error stack Error: EACCES, mkdir '/Users/johnfalcon/.npm/cordova/5.4.1'
50 verbose exit [ 3, true ]
